1506910522191	geckodriver	INFO	geckodriver 0.19.0
1506910522199	geckodriver	INFO	Listening on 127.0.0.1:50796
1506910523361	mozrunner::runner	INFO	Running command: "/usr/bin/firefox" "-marionette" "-profile" "/tmp/rust_mozprofile.LazbLevJvxYM"
Error: GDK_BACKEND does not match available displays
1506910975836	geckodriver	INFO	geckodriver 0.19.0
1506910975845	geckodriver	INFO	Listening on 127.0.0.1:50976
1506910977000	mozrunner::runner	INFO	Running command: "/usr/bin/firefox" "-marionette" "-profile" "/tmp/rust_mozprofile.zghFMxawLiuA"
Error: GDK_BACKEND does not match available displays
1506911069914	geckodriver	INFO	geckodriver 0.19.0
1506911069920	geckodriver	INFO	Listening on 127.0.0.1:45646
1506911071064	mozrunner::runner	INFO	Running command: "/usr/bin/firefox" "-marionette" "-profile" "/tmp/rust_mozprofile.AcBkLHGPaYm8"
Error: GDK_BACKEND does not match available displays
1506911145543	geckodriver	INFO	geckodriver 0.19.0
1506911145550	geckodriver	INFO	Listening on 127.0.0.1:39916
1506911146680	mozrunner::runner	INFO	Running command: "/usr/bin/firefox" "-marionette" "-profile" "/tmp/rust_mozprofile.cH0cvzuMeK9n"
Error: GDK_BACKEND does not match available displays
1506911834248	geckodriver	INFO	geckodriver 0.19.0
1506911834257	geckodriver	INFO	Listening on 127.0.0.1:49788
1506911835421	mozrunner::runner	INFO	Running command: "/usr/bin/firefox" "-marionette" "-profile" "/tmp/rust_mozprofile.eYUzlKPBf3bL"
Error: GDK_BACKEND does not match available displays
1506911977677	geckodriver	INFO	geckodriver 0.19.0
1506911977686	geckodriver	INFO	Listening on 127.0.0.1:55775
1506911978857	mozrunner::runner	INFO	Running command: "/usr/bin/firefox" "-marionette" "-profile" "/tmp/rust_mozprofile.lGzP0WfqVvOb"
Error: GDK_BACKEND does not match available displays
1506912112544	geckodriver	INFO	geckodriver 0.19.0
1506912112550	geckodriver	INFO	Listening on 127.0.0.1:40090
1506912113706	mozrunner::runner	INFO	Running command: "/usr/bin/firefox" "-marionette" "-profile" "/tmp/rust_mozprofile.45qPwWszk2qu"
Error: GDK_BACKEND does not match available displays
1506912839120	geckodriver	INFO	geckodriver 0.19.0
1506912839126	geckodriver	INFO	Listening on 127.0.0.1:44365
1506912840289	mozrunner::runner	INFO	Running command: "/usr/bin/firefox" "-marionette" "-profile" "/tmp/rust_mozprofile.mYfr3bWRLiES"
Error: GDK_BACKEND does not match available displays
1506913369037	geckodriver	INFO	geckodriver 0.19.0
1506913369048	geckodriver	INFO	Listening on 127.0.0.1:58823
1506913370207	mozrunner::runner	INFO	Running command: "/usr/bin/firefox" "-marionette" "-profile" "/tmp/rust_mozprofile.yfNRZJt6F73I"
1506913371448	Marionette	INFO	Enabled via --marionette
1506913373797	Marionette	INFO	Listening on port 33688
1506913373826	Marionette	WARN	TLS certificate errors will be ignored for this session
JavaScript error: chrome://marionette/content/server.js, line 337: NS_ERROR_SOCKET_ADDRESS_IN_USE: Component returned failure code: 0x804b0036 (NS_ERROR_SOCKET_ADDRESS_IN_USE) [nsIServerSocket.initSpecialConnection]
1506913373911	Marionette	DEBUG	loaded listener.js
1506913373955	Marionette	DEBUG	Received DOM event "beforeunload" for "about:blank"
1506913374460	Marionette	DEBUG	Received DOM event "pagehide" for "about:blank"
1506913374460	Marionette	DEBUG	Received DOM event "unload" for "about:blank"
JavaScript warning: https://www-league.nhlstatic.com/builds/site-core/ab18a010b2f1caae5dff889632fc62553aa2cf52_1506371293/scripts/site-core.js.gz, line 26: Using //@ to indicate sourceMappingURL pragmas is deprecated. Use //# instead
1506913375366	Marionette	DEBUG	Received DOM event "DOMContentLoaded" for "https://www.nhl.com/canucks/stats"
1506913375556	Marionette	DEBUG	Received DOM event "pageshow" for "https://www.nhl.com/canucks/stats"
1506913375743	Marionette	DEBUG	Received DOM event "DOMContentLoaded" for "https://frames.canucks.com/twitter/canucks.html"
1506913376612	Marionette	DEBUG	Received DOM event "pageshow" for "https://frames.canucks.com/twitter/canucks.html"
1506913376630	Marionette	DEBUG	Received DOM event "DOMContentLoaded" for "https://6142266.fls.doubleclick.net/activityi;src=6142266;type=vanco0;cat=vanco000;ord=2473087919238;~oref=https%3A%2F%2Fwww.nhl.com%2Fcanucks%2Fstats?"
1506913376635	Marionette	DEBUG	Received DOM event "pageshow" for "https://6142266.fls.doubleclick.net/activityi;src=6142266;type=vanco0;cat=vanco000;ord=2473087919238;~oref=https%3A%2F%2Fwww.nhl.com%2Fcanucks%2Fstats?"
1506913376696	Marionette	DEBUG	Received DOM event "DOMContentLoaded" for "https://mlb.demdex.net/dest5.html?d_nsid=0#https%3A%2F%2Fwww.nhl.com%2Fcanucks%2Fstats"
1506913376708	Marionette	DEBUG	Received DOM event "pageshow" for "https://mlb.demdex.net/dest5.html?d_nsid=0#https%3A%2F%2Fwww.nhl.com%2Fcanucks%2Fstats"
1506913376756	Marionette	DEBUG	Received observer notification "outer-window-destroyed" for "2147483661"
1506913377580	Marionette	DEBUG	Received DOM event "DOMContentLoaded" for "https://frames.canucks.com/twitter/canucks.html"
1506913377591	Marionette	DEBUG	Received DOM event "pageshow" for "https://frames.canucks.com/twitter/canucks.html"
1506913383645	Marionette	DEBUG	Received DOM event "pageshow" for "https://www.nhl.com/canucks/stats"
1506913383691	Marionette	DEBUG	Received DOM event "pageshow" for "https://www.nhl.com/canucks/stats"
1506913383734	Marionette	DEBUG	Received DOM event "pageshow" for "https://www.nhl.com/canucks/stats"

###!!! [Parent][MessageChannel] Error: (msgtype=0x280080,name=PBrowser::Msg_Destroy) Channel error: cannot send/recv

1506913579391	geckodriver	INFO	geckodriver 0.19.0
1506913579396	geckodriver	INFO	Listening on 127.0.0.1:44945
1506913580544	mozrunner::runner	INFO	Running command: "/usr/bin/firefox" "-marionette" "-profile" "/tmp/rust_mozprofile.yV9NNAGyO8bM"
1506913581416	Marionette	INFO	Enabled via --marionette
1506913583460	Marionette	INFO	Listening on port 35271
JavaScript error: chrome://marionette/content/server.js, line 337: NS_ERROR_SOCKET_ADDRESS_IN_USE: Component returned failure code: 0x804b0036 (NS_ERROR_SOCKET_ADDRESS_IN_USE) [nsIServerSocket.initSpecialConnection]
1506913583566	Marionette	WARN	TLS certificate errors will be ignored for this session
1506913583666	Marionette	DEBUG	loaded listener.js
1506913583733	Marionette	DEBUG	Received DOM event "beforeunload" for "about:blank"
1506913583883	Marionette	DEBUG	Received DOM event "pagehide" for "about:blank"
1506913583885	Marionette	DEBUG	Received DOM event "unload" for "about:blank"
JavaScript warning: https://www-league.nhlstatic.com/builds/site-core/ab18a010b2f1caae5dff889632fc62553aa2cf52_1506371293/scripts/site-core.js.gz, line 26: Using //@ to indicate sourceMappingURL pragmas is deprecated. Use //# instead
1506913584702	Marionette	DEBUG	Received DOM event "DOMContentLoaded" for "https://www.nhl.com/canucks/stats"
1506913584944	Marionette	DEBUG	Received DOM event "pageshow" for "https://www.nhl.com/canucks/stats"
1506913585886	Marionette	DEBUG	Received DOM event "DOMContentLoaded" for "https://frames.canucks.com/twitter/canucks.html"
1506913586181	Marionette	DEBUG	Received DOM event "DOMContentLoaded" for "https://mlb.demdex.net/dest5.html?d_nsid=0#https%3A%2F%2Fwww.nhl.com%2Fcanucks%2Fstats"
1506913586189	Marionette	DEBUG	Received DOM event "pageshow" for "https://mlb.demdex.net/dest5.html?d_nsid=0#https%3A%2F%2Fwww.nhl.com%2Fcanucks%2Fstats"
1506913586199	Marionette	DEBUG	Received DOM event "DOMContentLoaded" for "https://6142266.fls.doubleclick.net/activityi;src=6142266;type=vanco0;cat=vanco000;ord=4086888180165;~oref=https%3A%2F%2Fwww.nhl.com%2Fcanucks%2Fstats?"
1506913586213	Marionette	DEBUG	Received DOM event "pageshow" for "https://6142266.fls.doubleclick.net/activityi;src=6142266;type=vanco0;cat=vanco000;ord=4086888180165;~oref=https%3A%2F%2Fwww.nhl.com%2Fcanucks%2Fstats?"
1506913586538	Marionette	DEBUG	Received DOM event "pageshow" for "https://frames.canucks.com/twitter/canucks.html"
1506913587614	Marionette	DEBUG	Received observer notification "outer-window-destroyed" for "2147483661"
1506913589303	Marionette	DEBUG	Received DOM event "pageshow" for "https://www.nhl.com/canucks/stats"
1506913589900	Marionette	DEBUG	Received DOM event "pageshow" for "https://www.nhl.com/canucks/stats"
1506913590159	Marionette	DEBUG	Received DOM event "pageshow" for "https://www.nhl.com/canucks/stats"
1506913590762	Marionette	DEBUG	Received DOM event "DOMContentLoaded" for "https://www.nhl.com/canucks/stats"
1506913590844	Marionette	DEBUG	Received DOM event "DOMContentLoaded" for "https://www.nhl.com/canucks/stats"
1506913590917	Marionette	DEBUG	Received DOM event "DOMContentLoaded" for "https://www.nhl.com/canucks/stats"
1506913591007	Marionette	DEBUG	Received DOM event "DOMContentLoaded" for "https://www.nhl.com/canucks/stats"
1506913591097	Marionette	DEBUG	Received DOM event "pageshow" for "https://www.nhl.com/canucks/stats"
1506913591599	Marionette	DEBUG	Received DOM event "DOMContentLoaded" for "https://frames.canucks.com/twitter/canucks.html"
1506913591618	Marionette	DEBUG	Received DOM event "pageshow" for "https://frames.canucks.com/twitter/canucks.html"
1506913596105	Marionette	DEBUG	Received DOM event "DOMContentLoaded" for "https://www.nhl.com/canucks/stats"
1506913606931	Marionette	DEBUG	Received DOM event "DOMContentLoaded" for "https://www.nhl.com/canucks/stats"
1506913609645	Marionette	DEBUG	Received DOM event "DOMContentLoaded" for "https://www.nhl.com/canucks/stats"
1506913614814	Marionette	DEBUG	Received DOM event "DOMContentLoaded" for "https://www.nhl.com/canucks/stats"
1506913614852	Marionette	DEBUG	Received DOM event "pageshow" for "https://www.nhl.com/canucks/stats"
1506913615376	Marionette	DEBUG	Received DOM event "pageshow" for "https://www.nhl.com/canucks/stats"
1506913615649	Marionette	DEBUG	Received DOM event "pageshow" for "https://www.nhl.com/canucks/stats"
1506913615665	Marionette	DEBUG	Received DOM event "pageshow" for "https://www.nhl.com/canucks/stats"
1506913616229	Marionette	DEBUG	Received DOM event "DOMContentLoaded" for "https://cdn.krxd.net/partnerjs/xdi/proxy.3d2100fd7107262ecb55ce6847f01fa5.html#!kxcid=rdomn0p3l&kxt=https%3A%2F%2Fwww.nhl.com&kxcl=cdn&kxp="
JavaScript error: https://www-league.nhlstatic.com/builds/site-core/ab18a010b2f1caae5dff889632fc62553aa2cf52_1506371293/scripts/site-core.js.gz, line 26: Error: Load timeout for modules: fed-component-nhl-standings-2.x.x/src/static/fed-component-standings-full
http://requirejs.org/docs/errors.html#timeout
1506913634835	Marionette	DEBUG	Received DOM event "pageshow" for "https://cdn.krxd.net/partnerjs/xdi/proxy.3d2100fd7107262ecb55ce6847f01fa5.html#!kxcid=rdomn0p3l&kxt=https%3A%2F%2Fwww.nhl.com&kxcl=cdn&kxp="
1506913634968	Marionette	DEBUG	Received DOM event "pageshow" for "https://www.nhl.com/canucks/stats"
1506913636003	Marionette	INFO	New connections will no longer be accepted
1506913654318	geckodriver	INFO	geckodriver 0.19.0
1506913654326	geckodriver	INFO	Listening on 127.0.0.1:56779
1506913655466	mozrunner::runner	INFO	Running command: "/usr/bin/firefox" "-marionette" "-profile" "/tmp/rust_mozprofile.iyFpJ5XARuTx"
1506913656333	Marionette	INFO	Enabled via --marionette
1506913658494	Marionette	INFO	Listening on port 45641
JavaScript error: chrome://marionette/content/server.js, line 337: NS_ERROR_SOCKET_ADDRESS_IN_USE: Component returned failure code: 0x804b0036 (NS_ERROR_SOCKET_ADDRESS_IN_USE) [nsIServerSocket.initSpecialConnection]
1506913658592	Marionette	WARN	TLS certificate errors will be ignored for this session
1506913658683	Marionette	DEBUG	loaded listener.js
1506913658719	Marionette	DEBUG	Received DOM event "beforeunload" for "about:blank"
1506913658872	Marionette	DEBUG	Received DOM event "pagehide" for "about:blank"
1506913658872	Marionette	DEBUG	Received DOM event "unload" for "about:blank"
JavaScript warning: https://www-league.nhlstatic.com/builds/site-core/ab18a010b2f1caae5dff889632fc62553aa2cf52_1506371293/scripts/site-core.js.gz, line 26: Using //@ to indicate sourceMappingURL pragmas is deprecated. Use //# instead
1506913659566	Marionette	DEBUG	Received DOM event "DOMContentLoaded" for "https://www.nhl.com/canucks/stats"
1506913659781	Marionette	DEBUG	Received DOM event "pageshow" for "https://www.nhl.com/canucks/stats"
1506913659956	Marionette	DEBUG	Received DOM event "DOMContentLoaded" for "https://frames.canucks.com/twitter/canucks.html"
1506913661899	Marionette	DEBUG	Received DOM event "DOMContentLoaded" for "https://mlb.demdex.net/dest5.html?d_nsid=0#https%3A%2F%2Fwww.nhl.com%2Fcanucks%2Fstats"
1506913661925	Marionette	DEBUG	Received DOM event "pageshow" for "https://mlb.demdex.net/dest5.html?d_nsid=0#https%3A%2F%2Fwww.nhl.com%2Fcanucks%2Fstats"
1506913662242	Marionette	DEBUG	Received DOM event "pageshow" for "https://frames.canucks.com/twitter/canucks.html"
1506913662347	Marionette	DEBUG	Received DOM event "DOMContentLoaded" for "https://6142266.fls.doubleclick.net/activityi;src=6142266;type=vanco0;cat=vanco000;ord=162654542303;~oref=https%3A%2F%2Fwww.nhl.com%2Fcanucks%2Fstats?"
1506913662368	Marionette	DEBUG	Received DOM event "pageshow" for "https://6142266.fls.doubleclick.net/activityi;src=6142266;type=vanco0;cat=vanco000;ord=162654542303;~oref=https%3A%2F%2Fwww.nhl.com%2Fcanucks%2Fstats?"
1506913662986	Marionette	DEBUG	Received observer notification "outer-window-destroyed" for "2147483661"
1506913665510	Marionette	DEBUG	Received DOM event "DOMContentLoaded" for "https://frames.canucks.com/twitter/canucks.html"
1506913665544	Marionette	DEBUG	Received DOM event "pageshow" for "https://frames.canucks.com/twitter/canucks.html"
1506913666295	Marionette	DEBUG	Received DOM event "DOMContentLoaded" for "https://cdn.krxd.net/partnerjs/xdi/proxy.3d2100fd7107262ecb55ce6847f01fa5.html#!kxcid=rdomn0p3l&kxt=https%3A%2F%2Fwww.nhl.com&kxcl=cdn&kxp="
1506913669720	Marionette	DEBUG	Received DOM event "pageshow" for "https://www.nhl.com/canucks/stats"
1506913669770	Marionette	DEBUG	Received DOM event "pageshow" for "https://www.nhl.com/canucks/stats"
1506913669936	Marionette	DEBUG	Received DOM event "pageshow" for "https://www.nhl.com/canucks/stats"
1506913670792	Marionette	DEBUG	Received DOM event "DOMContentLoaded" for "https://www.nhl.com/canucks/stats"
1506913671023	Marionette	DEBUG	Received DOM event "DOMContentLoaded" for "https://www.nhl.com/canucks/stats"
1506913671287	Marionette	DEBUG	Received DOM event "DOMContentLoaded" for "https://www.nhl.com/canucks/stats"
1506913671386	Marionette	DEBUG	Received DOM event "DOMContentLoaded" for "https://www.nhl.com/canucks/stats"
1506913671399	Marionette	DEBUG	Received DOM event "pageshow" for "https://www.nhl.com/canucks/stats"
1506913671909	Marionette	DEBUG	Received DOM event "DOMContentLoaded" for "https://www.nhl.com/canucks/stats"
1506913671915	Marionette	DEBUG	Received DOM event "pageshow" for "https://www.nhl.com/canucks/stats"
1506913671956	Marionette	DEBUG	Received DOM event "DOMContentLoaded" for "https://www.nhl.com/canucks/stats"
1506913671965	Marionette	DEBUG	Received DOM event "DOMContentLoaded" for "https://www.nhl.com/canucks/stats"
1506913671970	Marionette	DEBUG	Received DOM event "DOMContentLoaded" for "https://www.nhl.com/canucks/stats"
1506913676072	Marionette	DEBUG	Received DOM event "pageshow" for "https://www.nhl.com/canucks/stats"

###!!! [Parent][RunMessage] Error: Channel error: cannot send/recv


###!!! [Parent][RunMessage] Error: Channel error: cannot send/recv


###!!! [Parent][RunMessage] Error: Channel error: cannot send/recv


###!!! [Parent][RunMessage] Error: Channel error: cannot send/recv


###!!! [Parent][RunMessage] Error: Channel error: cannot send/recv


###!!! [Parent][RunMessage] Error: Channel error: cannot send/recv


###!!! [Parent][RunMessage] Error: Channel error: cannot send/recv


###!!! [Parent][RunMessage] Error: Channel error: cannot send/recv


###!!! [Parent][RunMessage] Error: Channel error: cannot send/recv


###!!! [Parent][RunMessage] Error: Channel error: cannot send/recv


###!!! [Parent][MessageChannel] Error: (msgtype=0x280080,name=PBrowser::Msg_Destroy) Channel error: cannot send/recv

1506914653450	geckodriver	INFO	geckodriver 0.19.0
1506914653456	geckodriver	INFO	Listening on 127.0.0.1:44283
1506914654612	mozrunner::runner	INFO	Running command: "/usr/bin/firefox" "-marionette" "-profile" "/tmp/rust_mozprofile.qs1ZRMRqkTji"
1506914655541	Marionette	INFO	Enabled via --marionette
1506914657949	Marionette	INFO	Listening on port 41200
JavaScript error: chrome://marionette/content/server.js, line 337: NS_ERROR_SOCKET_ADDRESS_IN_USE: Component returned failure code: 0x804b0036 (NS_ERROR_SOCKET_ADDRESS_IN_USE) [nsIServerSocket.initSpecialConnection]
1506914658053	Marionette	WARN	TLS certificate errors will be ignored for this session
1506914658129	Marionette	DEBUG	loaded listener.js
1506914658242	Marionette	DEBUG	Received DOM event "beforeunload" for "about:blank"
1506914658791	Marionette	DEBUG	Received DOM event "pagehide" for "about:blank"
1506914658791	Marionette	DEBUG	Received DOM event "unload" for "about:blank"
JavaScript warning: https://www-league.nhlstatic.com/builds/site-core/ab18a010b2f1caae5dff889632fc62553aa2cf52_1506371293/scripts/site-core.js.gz, line 26: Using //@ to indicate sourceMappingURL pragmas is deprecated. Use //# instead
1506914659548	Marionette	DEBUG	Received DOM event "DOMContentLoaded" for "https://www.nhl.com/canucks/stats"
1506914659862	Marionette	DEBUG	Received DOM event "pageshow" for "https://www.nhl.com/canucks/stats"
1506914660541	Marionette	DEBUG	Received DOM event "DOMContentLoaded" for "https://frames.canucks.com/twitter/canucks.html"
1506914660785	Marionette	DEBUG	Received DOM event "DOMContentLoaded" for "https://mlb.demdex.net/dest5.html?d_nsid=0#https%3A%2F%2Fwww.nhl.com%2Fcanucks%2Fstats"
1506914660812	Marionette	DEBUG	Received DOM event "pageshow" for "https://mlb.demdex.net/dest5.html?d_nsid=0#https%3A%2F%2Fwww.nhl.com%2Fcanucks%2Fstats"
1506914665650	Marionette	DEBUG	Received DOM event "DOMContentLoaded" for "https://6142266.fls.doubleclick.net/activityi;src=6142266;type=vanco0;cat=vanco000;ord=7461462016566;~oref=https%3A%2F%2Fwww.nhl.com%2Fcanucks%2Fstats?"
1506914665680	Marionette	DEBUG	Received DOM event "pageshow" for "https://6142266.fls.doubleclick.net/activityi;src=6142266;type=vanco0;cat=vanco000;ord=7461462016566;~oref=https%3A%2F%2Fwww.nhl.com%2Fcanucks%2Fstats?"
1506914665889	Marionette	DEBUG	Received DOM event "pageshow" for "https://frames.canucks.com/twitter/canucks.html"
1506914666271	Marionette	DEBUG	Received observer notification "outer-window-destroyed" for "2147483661"
1506914666725	Marionette	DEBUG	Received DOM event "DOMContentLoaded" for "https://frames.canucks.com/twitter/canucks.html"
1506914666745	Marionette	DEBUG	Received DOM event "pageshow" for "https://frames.canucks.com/twitter/canucks.html"
1506914668925	Marionette	DEBUG	Received DOM event "pageshow" for "https://www.nhl.com/canucks/stats"
1506914669208	Marionette	DEBUG	Received DOM event "pageshow" for "https://www.nhl.com/canucks/stats"
1506914669232	Marionette	DEBUG	Received DOM event "pageshow" for "https://www.nhl.com/canucks/stats"
1506914669253	Marionette	DEBUG	Received DOM event "pageshow" for "https://www.nhl.com/canucks/stats"
1506914669266	Marionette	DEBUG	Received DOM event "DOMContentLoaded" for "https://www.nhl.com/canucks/stats"
1506914669283	Marionette	DEBUG	Received DOM event "DOMContentLoaded" for "https://www.nhl.com/canucks/stats"
1506914669296	Marionette	DEBUG	Received DOM event "pageshow" for "https://www.nhl.com/canucks/stats"
1506914669527	Marionette	DEBUG	Received DOM event "DOMContentLoaded" for "https://cdn.krxd.net/partnerjs/xdi/proxy.3d2100fd7107262ecb55ce6847f01fa5.html#!kxcid=rdomn0p3l&kxt=https%3A%2F%2Fwww.nhl.com&kxcl=cdn&kxp="
1506914669556	Marionette	DEBUG	Received DOM event "DOMContentLoaded" for "https://www.nhl.com/canucks/stats"
1506914669592	Marionette	DEBUG	Received DOM event "DOMContentLoaded" for "https://www.nhl.com/canucks/stats"
1506914669597	Marionette	DEBUG	Received DOM event "DOMContentLoaded" for "https://www.nhl.com/canucks/stats"
1506914670036	Marionette	DEBUG	Received DOM event "DOMContentLoaded" for "https://www.nhl.com/canucks/stats"
1506914670167	Marionette	DEBUG	Received DOM event "pageshow" for "https://www.nhl.com/canucks/stats"
1506914688386	Marionette	DEBUG	Received DOM event "DOMContentLoaded" for "https://www.nhl.com/canucks/stats"
1506914691197	Marionette	DEBUG	Received DOM event "pageshow" for "https://www.nhl.com/canucks/stats"
1506914693437	Marionette	DEBUG	Received DOM event "DOMContentLoaded" for "https://www.nhl.com/canucks/stats"
1506914697506	Marionette	DEBUG	Received DOM event "DOMContentLoaded" for "https://www.nhl.com/canucks/stats"
1506914700414	Marionette	DEBUG	Received DOM event "DOMContentLoaded" for "https://www.nhl.com/canucks/stats"

###!!! [Parent][MessageChannel] Error: (msgtype=0xFC0001,name=PVsync::Msg_Notify) Channel error: cannot send/recv


###!!! [Parent][RunMessage] Error: Channel error: cannot send/recv


###!!! [Parent][RunMessage] Error: Channel error: cannot send/recv


###!!! [Parent][RunMessage] Error: Channel error: cannot send/recv


###!!! [Parent][RunMessage] Error: Channel error: cannot send/recv


###!!! [Parent][RunMessage] Error: Channel error: cannot send/recv


###!!! [Parent][RunMessage] Error: Channel error: cannot send/recv


###!!! [Parent][RunMessage] Error: Channel error: cannot send/recv


###!!! [Parent][RunMessage] Error: Channel error: cannot send/recv


###!!! [Parent][RunMessage] Error: Channel error: cannot send/recv


###!!! [Parent][RunMessage] Error: Channel error: cannot send/recv


###!!! [Parent][RunMessage] Error: Channel error: cannot send/recv


###!!! [Parent][RunMessage] Error: Channel error: cannot send/recv


###!!! [Parent][RunMessage] Error: Channel error: cannot send/recv


###!!! [Parent][RunMessage] Error: Channel error: cannot send/recv


###!!! [Parent][RunMessage] Error: Channel error: cannot send/recv


###!!! [Parent][RunMessage] Error: Channel error: cannot send/recv


###!!! [Parent][RunMessage] Error: Channel error: cannot send/recv


###!!! [Parent][RunMessage] Error: Channel error: cannot send/recv


###!!! [Parent][RunMessage] Error: Channel error: cannot send/recv


###!!! [Parent][RunMessage] Error: Channel error: cannot send/recv


###!!! [Parent][RunMessage] Error: Channel error: cannot send/recv


###!!! [Parent][RunMessage] Error: Channel error: cannot send/recv


###!!! [Parent][RunMessage] Error: Channel error: cannot send/recv


###!!! [Parent][RunMessage] Error: Channel error: cannot send/recv


###!!! [Parent][RunMessage] Error: Channel error: cannot send/recv


###!!! [Parent][RunMessage] Error: Channel error: cannot send/recv


###!!! [Parent][RunMessage] Error: Channel error: cannot send/recv


###!!! [Parent][RunMessage] Error: Channel error: cannot send/recv


###!!! [Parent][RunMessage] Error: Channel error: cannot send/recv


###!!! [Parent][RunMessage] Error: Channel error: cannot send/recv


###!!! [Parent][MessageChannel] Error: (msgtype=0x44001E,name=PContent::Msg_PreferenceUpdate) Channel error: cannot send/recv


###!!! [Parent][MessageChannel] Error: (msgtype=0x280080,name=PBrowser::Msg_Destroy) Channel error: cannot send/recv

1506915882878	geckodriver	INFO	geckodriver 0.19.0
1506915882883	geckodriver	INFO	Listening on 127.0.0.1:45218
1506915884042	mozrunner::runner	INFO	Running command: "/usr/bin/firefox" "-marionette" "-profile" "/tmp/rust_mozprofile.SDecvf89C6Ea"
1506915884895	Marionette	INFO	Enabled via --marionette
1506915887100	Marionette	INFO	Listening on port 35438
JavaScript error: chrome://marionette/content/server.js, line 337: NS_ERROR_SOCKET_ADDRESS_IN_USE: Component returned failure code: 0x804b0036 (NS_ERROR_SOCKET_ADDRESS_IN_USE) [nsIServerSocket.initSpecialConnection]
1506915887171	Marionette	WARN	TLS certificate errors will be ignored for this session
1506915887252	Marionette	DEBUG	loaded listener.js
1506915887372	Marionette	DEBUG	Received DOM event "beforeunload" for "about:blank"
1506915887718	Marionette	DEBUG	Received DOM event "pagehide" for "about:blank"
1506915887720	Marionette	DEBUG	Received DOM event "unload" for "about:blank"
JavaScript warning: https://www-league.nhlstatic.com/builds/site-core/ab18a010b2f1caae5dff889632fc62553aa2cf52_1506371293/scripts/site-core.js.gz, line 26: Using //@ to indicate sourceMappingURL pragmas is deprecated. Use //# instead
1506915888522	Marionette	DEBUG	Received DOM event "DOMContentLoaded" for "https://www.nhl.com/canucks/stats"
1506915888717	Marionette	DEBUG	Received DOM event "pageshow" for "https://www.nhl.com/canucks/stats"
1506915889338	Marionette	DEBUG	Received DOM event "DOMContentLoaded" for "https://frames.canucks.com/twitter/canucks.html"
1506915890277	Marionette	DEBUG	Received DOM event "DOMContentLoaded" for "https://mlb.demdex.net/dest5.html?d_nsid=0#https%3A%2F%2Fwww.nhl.com%2Fcanucks%2Fstats"
1506915890306	Marionette	DEBUG	Received DOM event "pageshow" for "https://mlb.demdex.net/dest5.html?d_nsid=0#https%3A%2F%2Fwww.nhl.com%2Fcanucks%2Fstats"
[Parent 16967] WARNING: pipe error (50): Connection reset by peer: file /build/firefox-S0wyi8/firefox-55.0.2+build1/ipc/chromium/src/chrome/common/ipc_channel_posix.cc, line 353

###!!! [Parent][MessageChannel] Error: (msgtype=0x800017,name=PHttpChannel::Msg_DeleteSelf) Channel error: cannot send/recv


###!!! [Parent][MessageChannel] Error: (msgtype=0x800017,name=PHttpChannel::Msg_DeleteSelf) Channel error: cannot send/recv


###!!! [Parent][MessageChannel] Error: (msgtype=0x800017,name=PHttpChannel::Msg_DeleteSelf) Channel error: cannot send/recv


###!!! [Parent][MessageChannel] Error: (msgtype=0x800017,name=PHttpChannel::Msg_DeleteSelf) Channel error: cannot send/recv


###!!! [Parent][MessageChannel] Error: (msgtype=0x800017,name=PHttpChannel::Msg_DeleteSelf) Channel error: cannot send/recv


###!!! [Parent][MessageChannel] Error: (msgtype=0x800017,name=PHttpChannel::Msg_DeleteSelf) Channel error: cannot send/recv


###!!! [Parent][MessageChannel] Error: (msgtype=0x800017,name=PHttpChannel::Msg_DeleteSelf) Channel error: cannot send/recv


###!!! [Parent][MessageChannel] Error: (msgtype=0x800017,name=PHttpChannel::Msg_DeleteSelf) Channel error: cannot send/recv


###!!! [Parent][MessageChannel] Error: (msgtype=0x800017,name=PHttpChannel::Msg_DeleteSelf) Channel error: cannot send/recv


###!!! [Parent][MessageChannel] Error: (msgtype=0x800017,name=PHttpChannel::Msg_DeleteSelf) Channel error: cannot send/recv


###!!! [Parent][MessageChannel] Error: (msgtype=0x800017,name=PHttpChannel::Msg_DeleteSelf) Channel error: cannot send/recv


###!!! [Parent][MessageChannel] Error: (msgtype=0x800017,name=PHttpChannel::Msg_DeleteSelf) Channel error: cannot send/recv


###!!! [Parent][MessageChannel] Error: (msgtype=0x800017,name=PHttpChannel::Msg_DeleteSelf) Channel error: cannot send/recv


###!!! [Parent][MessageChannel] Error: (msgtype=0x800017,name=PHttpChannel::Msg_DeleteSelf) Channel error: cannot send/recv


###!!! [Parent][MessageChannel] Error: (msgtype=0x800017,name=PHttpChannel::Msg_DeleteSelf) Channel error: cannot send/recv


###!!! [Parent][MessageChannel] Error: (msgtype=0x800017,name=PHttpChannel::Msg_DeleteSelf) Channel error: cannot send/recv


###!!! [Parent][MessageChannel] Error: (msgtype=0x800017,name=PHttpChannel::Msg_DeleteSelf) Channel error: cannot send/recv


###!!! [Parent][MessageChannel] Error: (msgtype=0x800017,name=PHttpChannel::Msg_DeleteSelf) Channel error: cannot send/recv


###!!! [Parent][MessageChannel] Error: (msgtype=0x800017,name=PHttpChannel::Msg_DeleteSelf) Channel error: cannot send/recv


###!!! [Parent][MessageChannel] Error: (msgtype=0x800017,name=PHttpChannel::Msg_DeleteSelf) Channel error: cannot send/recv


###!!! [Parent][MessageChannel] Error: (msgtype=0x800017,name=PHttpChannel::Msg_DeleteSelf) Channel error: cannot send/recv


###!!! [Parent][MessageChannel] Error: (msgtype=0x800017,name=PHttpChannel::Msg_DeleteSelf) Channel error: cannot send/recv


###!!! [Parent][MessageChannel] Error: (msgtype=0x800017,name=PHttpChannel::Msg_DeleteSelf) Channel error: cannot send/recv


###!!! [Parent][MessageChannel] Error: (msgtype=0x800017,name=PHttpChannel::Msg_DeleteSelf) Channel error: cannot send/recv


###!!! [Parent][MessageChannel] Error: (msgtype=0x280080,name=PBrowser::Msg_Destroy) Channel error: cannot send/recv

1506916063224	geckodriver	INFO	geckodriver 0.19.0
1506916063232	geckodriver	INFO	Listening on 127.0.0.1:44503
1506916064378	mozrunner::runner	INFO	Running command: "/usr/bin/firefox" "-marionette" "-profile" "/tmp/rust_mozprofile.hilIz9ItEA0J"
1506916065186	Marionette	INFO	Enabled via --marionette
1506916067181	Marionette	INFO	Listening on port 38146
JavaScript error: chrome://marionette/content/server.js, line 337: NS_ERROR_SOCKET_ADDRESS_IN_USE: Component returned failure code: 0x804b0036 (NS_ERROR_SOCKET_ADDRESS_IN_USE) [nsIServerSocket.initSpecialConnection]
1506916067204	Marionette	WARN	TLS certificate errors will be ignored for this session
1506916067284	Marionette	DEBUG	loaded listener.js
1506916067406	Marionette	DEBUG	Received DOM event "beforeunload" for "about:blank"
1506916067564	Marionette	DEBUG	Received DOM event "pagehide" for "about:blank"
1506916067564	Marionette	DEBUG	Received DOM event "unload" for "about:blank"
JavaScript warning: https://www-league.nhlstatic.com/builds/site-core/ab18a010b2f1caae5dff889632fc62553aa2cf52_1506371293/scripts/site-core.js.gz, line 26: Using //@ to indicate sourceMappingURL pragmas is deprecated. Use //# instead
1506916068234	Marionette	DEBUG	Received DOM event "DOMContentLoaded" for "https://www.nhl.com/canucks/stats"
1506916069002	Marionette	DEBUG	Received DOM event "pageshow" for "https://www.nhl.com/canucks/stats"

###!!! [Parent][MessageChannel] Error: (msgtype=0xFC0001,name=PVsync::Msg_Notify) Channel error: cannot send/recv


###!!! [Parent][MessageChannel] Error: (msgtype=0x800011,name=PHttpChannel::Msg_OnStartRequest) Channel error: cannot send/recv


###!!! [Parent][MessageChannel] Error: (msgtype=0x280080,name=PBrowser::Msg_Destroy) Channel error: cannot send/recv

